<?xml version="1.0" encoding="UTF-8"?>
<!-- Generated by org.testng.reporters.JUnitReportReporter -->
<testsuite hostname="Admin" failures="0" tests="1" name="practices.Read_Data_DB" time="0.471" errors="0" timestamp="2022-01-15T21:50:24 IST" skipped="0">
  <testcase classname="practices.Read_Data_DB" name="testDbConnection" time="0.471"/>
  <system-out>
    <![CDATA[TY_PROJ_001abcactitime
TY_PROJ_003munnasignup
TY_PROJ_202shubumzoho Crm
TY_PROJ_203shivClean India
TY_PROJ_207deepakSBI
TY_PROJ_208deepakBOI
TY_PROJ_209ammanHDFC]]>
  </system-out>
</testsuite> <!-- practices.Read_Data_DB -->
