<?xml version="1.0" encoding="UTF-8"?>
<!-- Generated by org.testng.reporters.JUnitReportReporter -->
<testsuite hostname="Admin" failures="0" tests="1" name="com.crm.comcast.contacttest.CreateContactWithOrgTest" time="49.794" errors="0" timestamp="2022-01-20T12:10:58 IST" skipped="0">
  <testcase classname="com.crm.comcast.contacttest.CreateContactWithOrgTest" name="createContactWithOrgTest" time="49.794"/>
  <system-out>
    <![CDATA[Avi_661 lastName is verified==PASS
HDFC132 orgName is verified ===> PASS]]>
  </system-out>
</testsuite> <!-- com.crm.comcast.contacttest.CreateContactWithOrgTest -->
