<?xml version="1.0" encoding="UTF-8"?>
<!-- Generated by org.testng.reporters.JUnitReportReporter -->
<testsuite hostname="Admin" failures="0" tests="2" name="com.vtiger.contact.test.contact_testcase" time="54.138" errors="0" timestamp="2022-01-15T21:45:17 IST" skipped="0">
  <testcase classname="com.vtiger.contact.test.contact_testcase" name="testcase_3" time="29.507"/>
  <system-out>
    <![CDATA[Contact name should be display]]>
  </system-out>
  <testcase classname="com.vtiger.contact.test.contact_testcase" name="testcase_4" time="24.631"/>
  <system-out>
    <![CDATA[Contact name should be display]]>
  </system-out>
</testsuite> <!-- com.vtiger.contact.test.contact_testcase -->
