<?xml version="1.0" encoding="UTF-8"?>
<!-- Generated by org.testng.reporters.JUnitReportReporter -->
<testsuite hostname="Admin" failures="0" tests="4" name="com.crm.comcast.organizationtest.OrganizationTest" time="120.130" errors="0" timestamp="2022-01-22T20:46:33 IST" skipped="0">
  <testcase classname="com.crm.comcast.organizationtest.OrganizationTest" name="createOrganizationTest" time="28.983"/>
  <system-out/>
  <testcase classname="com.crm.comcast.organizationtest.OrganizationTest" name="createOrganizationTest" time="28.674"/>
  <system-out/>
  <testcase classname="com.crm.comcast.organizationtest.OrganizationTest" name="createOrgWithIndustriesTest" time="26.396"/>
  <system-out/>
  <testcase classname="com.crm.comcast.organizationtest.OrganizationTest" name="createOrgWithIndustriesTest" time="36.077"/>
  <system-out/>
</testsuite> <!-- com.crm.comcast.organizationtest.OrganizationTest -->
