<?xml version="1.0" encoding="UTF-8"?>
<!-- Generated by org.testng.reporters.JUnitReportReporter -->
<testsuite hostname="Admin" failures="0" tests="3" name="practices.All_Annotation" time="0.021" errors="0" timestamp="2022-01-21T22:28:00 IST" skipped="0">
  <testcase classname="practices.All_Annotation" name="createCustomerTest" time="0.014"/>
  <system-out/>
  <testcase classname="practices.All_Annotation" name="modifyCustomerTest" time="0.003"/>
  <system-out/>
  <testcase classname="practices.All_Annotation" name="deleteCustomerTest" time="0.004"/>
  <system-out/>
</testsuite> <!-- practices.All_Annotation -->
