<?xml version="1.0" encoding="UTF-8"?>
<!-- Generated by org.testng.reporters.JUnitReportReporter -->
<testsuite hostname="Admin" failures="0" tests="3" name="practices.SampleTest_dataProvide2" time="0.019" errors="0" timestamp="2022-01-20T15:30:22 IST" skipped="0">
  <testcase classname="practices.SampleTest_dataProvide2" name="bookTicketTest" time="0.005"/>
  <system-out/>
  <testcase classname="practices.SampleTest_dataProvide2" name="bookTicketTest" time="0.012"/>
  <system-out/>
  <testcase classname="practices.SampleTest_dataProvide2" name="bookTicketTest" time="0.002"/>
  <system-out/>
</testsuite> <!-- practices.SampleTest_dataProvide2 -->
