<?xml version="1.0" encoding="UTF-8"?>
<!-- Generated by org.testng.reporters.JUnitReportReporter -->
<testsuite hostname="Admin" failures="0" tests="5" name="practices.DataProvider_AddcartTest" time="0.029" errors="0" timestamp="2022-01-21T22:28:32 IST" skipped="0">
  <testcase classname="practices.DataProvider_AddcartTest" name="AddcartTest" time="0.012"/>
  <system-out/>
  <testcase classname="practices.DataProvider_AddcartTest" name="AddcartTest" time="0.004"/>
  <system-out/>
  <testcase classname="practices.DataProvider_AddcartTest" name="AddcartTest" time="0.002"/>
  <system-out/>
  <testcase classname="practices.DataProvider_AddcartTest" name="AddcartTest" time="0.010"/>
  <system-out/>
  <testcase classname="practices.DataProvider_AddcartTest" name="AddcartTest" time="0.001"/>
  <system-out/>
</testsuite> <!-- practices.DataProvider_AddcartTest -->
