<?xml version="1.0" encoding="UTF-8"?>
<!-- Generated by org.testng.reporters.JUnitReportReporter -->
<testsuite hostname="Admin" failures="0" tests="21" name="practices.DataProvider_AddcartExcel" time="0.087" errors="0" timestamp="2022-01-21T22:28:24 IST" skipped="0">
  <testcase classname="practices.DataProvider_AddcartExcel" name="addcardBill" time="0.012"/>
  <system-out/>
  <testcase classname="practices.DataProvider_AddcartExcel" name="addcardBill" time="0.003"/>
  <system-out/>
  <testcase classname="practices.DataProvider_AddcartExcel" name="addcardBill" time="0.003"/>
  <system-out/>
  <testcase classname="practices.DataProvider_AddcartExcel" name="addcardBill" time="0.005"/>
  <system-out/>
  <testcase classname="practices.DataProvider_AddcartExcel" name="addcardBill" time="0.002"/>
  <system-out/>
  <testcase classname="practices.DataProvider_AddcartExcel" name="addcardBill" time="0.003"/>
  <system-out/>
  <testcase classname="practices.DataProvider_AddcartExcel" name="addcardBill" time="0.001"/>
  <system-out/>
  <testcase classname="practices.DataProvider_AddcartExcel" name="addcardBill" time="0.002"/>
  <system-out/>
  <testcase classname="practices.DataProvider_AddcartExcel" name="addcardBill" time="0.002"/>
  <system-out/>
  <testcase classname="practices.DataProvider_AddcartExcel" name="addcardBill" time="0.002"/>
  <system-out/>
  <testcase classname="practices.DataProvider_AddcartExcel" name="addcardBill" time="0.005"/>
  <system-out/>
  <testcase classname="practices.DataProvider_AddcartExcel" name="addcardBill" time="0.005"/>
  <system-out/>
  <testcase classname="practices.DataProvider_AddcartExcel" name="addcardBill" time="0.007"/>
  <system-out/>
  <testcase classname="practices.DataProvider_AddcartExcel" name="addcardBill" time="0.001"/>
  <system-out/>
  <testcase classname="practices.DataProvider_AddcartExcel" name="addcardBill" time="0.001"/>
  <system-out/>
  <testcase classname="practices.DataProvider_AddcartExcel" name="addcardBill" time="0.001"/>
  <system-out/>
  <testcase classname="practices.DataProvider_AddcartExcel" name="addcardBill" time="0.002"/>
  <system-out/>
  <testcase classname="practices.DataProvider_AddcartExcel" name="addcardBill" time="0.003"/>
  <system-out/>
  <testcase classname="practices.DataProvider_AddcartExcel" name="addcardBill" time="0.001"/>
  <system-out/>
  <testcase classname="practices.DataProvider_AddcartExcel" name="addcardBill" time="0.010"/>
  <system-out/>
  <testcase classname="practices.DataProvider_AddcartExcel" name="addcardBill" time="0.016"/>
  <system-out/>
</testsuite> <!-- practices.DataProvider_AddcartExcel -->
