<?xml version="1.0" encoding="UTF-8"?>
<!-- Generated by org.testng.reporters.JUnitReportReporter -->
<testsuite hostname="Admin" failures="0" tests="3" name="practices.OrganizationTest" time="0.018" errors="0" timestamp="2022-01-21T20:33:37 IST" skipped="0">
  <testcase classname="practices.OrganizationTest" name="createCustomerTest" time="0.009"/>
  <system-out/>
  <testcase classname="practices.OrganizationTest" name="modifyCustomerTest" time="0.004"/>
  <system-out/>
  <testcase classname="practices.OrganizationTest" name="deleteCustomerTest" time="0.005"/>
  <system-out/>
</testsuite> <!-- practices.OrganizationTest -->
