<?xml version="1.0" encoding="UTF-8"?>
<!-- Generated by org.testng.reporters.JUnitReportReporter -->
<testsuite hostname="Admin" failures="0" tests="1" name="com.crm.comcast.organizationtest.CreateOrganizationTest" time="32.391" errors="0" timestamp="2022-01-20T12:10:58 IST" skipped="0">
  <testcase classname="com.crm.comcast.organizationtest.CreateOrganizationTest" name="createOrganizationTest" time="32.391"/>
  <system-out>
    <![CDATA[AutoDesk494OrgName is verified==PASS]]>
  </system-out>
</testsuite> <!-- com.crm.comcast.organizationtest.CreateOrganizationTest -->
