<?xml version="1.0" encoding="UTF-8"?>
<!-- Generated by org.testng.reporters.JUnitReportReporter -->
<testsuite hostname="Admin" failures="0" tests="12" name="practices.CustomerTest" time="0.138" errors="0" timestamp="2022-01-21T20:18:29 IST" skipped="0">
  <testcase classname="practices.CustomerTest" name="modifyCustomerTest" time="0.002"/>
  <system-out/>
  <testcase classname="practices.CustomerTest" name="createCustomerTest" time="0.006"/>
  <system-out/>
  <testcase classname="practices.CustomerTest" name="deleteCustomerTest" time="0.008"/>
  <system-out/>
  <testcase classname="practices.CustomerTest" name="createCustomerTest" time="0.006"/>
  <system-out/>
  <testcase classname="practices.CustomerTest" name="createCustomerTest" time="0.007"/>
  <system-out/>
  <testcase classname="practices.CustomerTest" name="createCustomerTest" time="0.011"/>
  <system-out/>
  <testcase classname="practices.CustomerTest" name="createCustomerTest" time="0.007"/>
  <system-out/>
  <testcase classname="practices.CustomerTest" name="createCustomerTest" time="0.014"/>
  <system-out/>
  <testcase classname="practices.CustomerTest" name="createCustomerTest" time="0.033"/>
  <system-out/>
  <testcase classname="practices.CustomerTest" name="createCustomerTest" time="0.012"/>
  <system-out/>
  <testcase classname="practices.CustomerTest" name="createCustomerTest" time="0.014"/>
  <system-out/>
  <testcase classname="practices.CustomerTest" name="createCustomerTest" time="0.018"/>
  <system-out/>
</testsuite> <!-- practices.CustomerTest -->
