<?xml version="1.0" encoding="UTF-8"?>
<!-- Generated by org.testng.reporters.JUnitReportReporter -->
<testsuite hostname="Admin" failures="0" tests="1" name="com.crm.comcast.contacttest.CreateContactTest" time="28.595" errors="0" timestamp="2022-01-20T12:10:58 IST" skipped="0">
  <testcase classname="com.crm.comcast.contacttest.CreateContactTest" name="createContactTest" time="28.595"/>
  <system-out>
    <![CDATA[Avi_423Contact last name is verified ==>PASS]]>
  </system-out>
</testsuite> <!-- com.crm.comcast.contacttest.CreateContactTest -->
