<?xml version="1.0" encoding="UTF-8"?>
<!-- Generated by org.testng.reporters.JUnitReportReporter -->
<testsuite hostname="Admin" failures="0" tests="1" name="com.vitiger.orgTest.projectUnitTesting" time="0.451" errors="0" timestamp="2022-01-16T11:50:53 IST" skipped="0">
  <testcase classname="com.vitiger.orgTest.projectUnitTesting" name="projectUnitTesting" time="0.451"/>
  <system-out>
    <![CDATA[conncetion is done
zoho Crm not in project Table
zoho Crm not in project Table
zoho Crm not in project Table
zoho Crm in project Table
===========close Database Connection=============]]>
  </system-out>
</testsuite> <!-- com.vitiger.orgTest.projectUnitTesting -->
