<?xml version="1.0" encoding="UTF-8"?>
<!-- Generated by org.testng.reporters.JUnitReportReporter -->
<testsuite hostname="Admin" failures="0" tests="5" name="practices.SampleTest_dataProvider" time="0.028" errors="0" timestamp="2022-01-20T15:20:11 IST" skipped="0">
  <testcase classname="practices.SampleTest_dataProvider" name="bookTicketTest" time="0.007"/>
  <system-out/>
  <testcase classname="practices.SampleTest_dataProvider" name="bookTicketTest" time="0.005"/>
  <system-out/>
  <testcase classname="practices.SampleTest_dataProvider" name="bookTicketTest" time="0.002"/>
  <system-out/>
  <testcase classname="practices.SampleTest_dataProvider" name="bookTicketTest" time="0.010"/>
  <system-out/>
  <testcase classname="practices.SampleTest_dataProvider" name="bookTicketTest" time="0.004"/>
  <system-out/>
</testsuite> <!-- practices.SampleTest_dataProvider -->
